2023/07/16 14:17:08.008550 server.go:27: Log file created
2023/07/18 18:28:07.783096 server.go:28: Log file created
2023/07/18 18:41:09.720520 server.go:33: Log file created
2023/07/18 18:41:09.720639 database.go:15: MONGODB_URL not specified in .env file
2023/07/18 18:41:34.342297 server.go:33: Log file created
2023/07/18 18:41:34.342352 database.go:15: MONGODB_URL not specified in .env file
2023/07/18 18:42:14.389216 server.go:34: Log file created
2023/07/18 18:42:14.389285 database.go:15: MONGODB_URL not specified in .env file
2023/07/18 18:49:08.179648 server.go:33: Log file created
2023/07/18 18:49:08.179723 database.go:15: MONGODB_URL not specified in .env file
2023/07/18 18:50:04.812261 server.go:33: Log file created
2023/07/18 18:50:04.812326 database.go:17: MONGODB_URL not specified in .env file
2023/07/18 18:51:04.640720 server.go:33: Log file created
2023/07/18 18:51:04.640782 database.go:17: MONGODB_URL not specified in .env file
2023/07/18 18:52:12.677613 server.go:36: Log file created
2023/07/18 18:52:12.677675 database.go:17: MONGODB_URL not specified in .env file
2023/07/18 18:52:38.099385 server.go:36: Log file created
2023/07/18 18:52:38.099445 database.go:17: MONGODB_URL not specified in .env file
2023/07/18 18:52:54.951041 server.go:37: Log file created
2023/07/18 18:52:54.951107 database.go:17: MONGODB_URL not specified in .env file
2023/07/18 18:55:42.032457 server.go:37: Log file created
2023/07/18 18:55:42.032521 database.go:20: MONGODB_URL not specified in .env file
2023/07/18 19:11:22.800288 server.go:37: Log file created
2023/07/18 19:11:22.800336 database.go:20: MONGODB_URL not specified in .env file
2023/07/18 19:11:35.367342 server.go:37: Log file created
2023/07/18 19:11:35.367398 database.go:20: MONGODB_URL not specified in .env file
2023/07/18 19:11:50.174418 server.go:37: Log file created
2023/07/18 19:11:50.174462 database.go:20: MONGODB_URL not specified in .env file
2023/07/18 19:12:09.582570 server.go:37: Log file created
2023/07/18 19:12:09.582627 database.go:20: MONGODB_URL not specified in .env file
2023/07/24 09:44:06.382888 server.go:37: Log file created
2023/07/24 09:44:06.382982 database.go:20: MONGODB_URL not specified in .env file
2023/07/24 09:54:01.621315 server.go:37: Log file created
2023/07/24 09:54:01.621394 database.go:20: MONGODB_URL not specified in .env file
2023/07/24 13:27:34.381378 server.go:38: Log file created
2023/07/24 13:27:34.381431 database.go:20: MONGODB_URL not specified in .env file
2023/07/24 13:29:47.444667 server.go:38: Log file created
2023/07/24 13:30:11.641134 server.go:38: Log file created
2023/07/24 13:30:11.641187 database.go:21: MONGODB_URL not specified in .env file
2023/07/24 13:30:46.643351 server.go:38: Log file created
2023/07/24 13:30:46.643405 database.go:21: MONGODB_URL not specified in .env file
2023/07/24 13:31:09.943443 server.go:38: Log file created
2023/07/24 13:31:09.943489 database.go:20: MONGODB_URL not specified in .env file
2023/07/24 13:31:22.442579 server.go:38: Log file created
2023/07/24 13:31:22.442623 database.go:20: MONGODB_URL not specified in .env file
2023/07/24 13:32:20.109192 server.go:38: Log file created
2023/07/24 13:32:20.109242 database.go:20: MONGODB_URL not specified in .env file
2023/07/24 13:32:27.443000 server.go:38: Log file created
2023/07/24 13:32:27.443077 database.go:21: MONGODB_URL not specified in .env file
2023/07/24 13:33:04.782057 server.go:38: Log file created
2023/07/24 13:33:04.782108 database.go:21: MONGODB_URL not specified in .env file
2023/07/24 13:34:04.451456 server.go:38: Log file created
2023/07/24 13:34:04.451519 database.go:21: MONGODB_URL not specified in .env file
2023/07/24 13:34:17.665762 server.go:38: Log file created
2023/07/24 13:34:17.665817 database.go:21: MONGODB_URL not specified in .env file
2023/07/24 13:34:37.264021 server.go:38: Log file created
2023/07/24 13:34:37.264076 database.go:21: MONGODB_URL not specified in .env file
2023/07/24 13:35:03.556793 server.go:38: Log file created
2023/07/24 13:35:03.556843 database.go:21: MONGODB_URL not specified in .env file
2023/07/24 13:35:18.103945 server.go:38: Log file created
2023/07/24 13:43:49.157559 server.go:38: Log file created
2023/07/24 13:44:07.638058 server.go:38: Log file created
2023/07/24 16:37:48.630992 server.go:38: Log file created
2023/07/24 16:39:26.970721 server.go:38: Log file created
2023/07/24 16:40:41.624970 server.go:38: Log file created
2023/07/24 16:44:20.597579 server.go:38: Log file created
2023/07/24 16:44:49.218027 server.go:38: Log file created
2023/07/24 16:46:38.257763 server.go:38: Log file created
2023/07/24 16:47:14.048733 server.go:38: Log file created
2023/07/24 18:41:19.424275 server.go:38: Log file created
2023/07/24 18:50:14.988865 server.go:38: Log file created
2023/07/24 22:09:45.995526 server.go:38: Log file created
2023/07/25 14:24:47.322165 server.go:38: Log file created
2023/07/25 14:24:47.322311 database.go:21: MONGODB_URL not specified in .env file
2023/07/25 14:27:00.818480 server.go:41: Log file created
2023/07/25 14:27:00.818527 database.go:21: MONGODB_URL not specified in .env file
2023/07/25 14:27:31.627660 server.go:44: Log file created
2023/07/25 14:33:41.597728 server.go:42: Log file created
2023/07/25 14:49:14.429102 server.go:42: Log file created
2023/07/25 14:51:15.757301 server.go:42: Log file created
2023/07/25 14:53:21.055946 server.go:42: Log file created
2023/07/25 14:53:45.226674 server.go:42: Log file created
2023/07/25 15:01:29.832143 server.go:42: Log file created
2023/07/25 15:01:50.889631 server.go:42: Log file created
2023/07/25 15:02:23.211930 server.go:42: Log file created
2023/07/25 15:08:44.078012 server.go:42: Log file created
2023/07/25 15:18:33.942196 server.go:42: Log file created
2023/07/25 15:20:03.934283 server.go:42: Log file created
2023/07/25 15:21:16.726307 server.go:42: Log file created
2023/07/25 15:21:33.638303 server.go:42: Log file created
2023/07/25 15:24:05.876346 server.go:42: Log file created
2023/07/25 15:25:27.970726 server.go:42: Log file created
2023/07/25 15:31:45.176946 server.go:42: Log file created
2023/07/25 15:32:25.433713 server.go:42: Log file created
2023/07/25 15:33:17.101053 server.go:42: Log file created
2023/07/25 15:33:17.527536 server.go:68: listen tcp :8080: bind: address already in use
2023/07/25 15:33:28.968271 server.go:42: Log file created
2023/07/25 15:33:59.728799 server.go:42: Log file created
2023/07/25 15:36:00.088161 server.go:42: Log file created
2023/07/25 15:38:06.939403 server.go:42: Log file created
2023/07/25 16:21:31.028245 server.go:42: Log file created
2023/07/25 16:22:56.066469 server.go:42: Log file created
2023/07/25 16:28:09.828019 server.go:42: Log file created
2023/07/25 16:29:47.672147 server.go:42: Log file created
2023/07/25 16:31:01.668434 server.go:42: Log file created
2023/07/25 16:32:56.834008 server.go:42: Log file created
2023/07/25 16:33:25.223153 server.go:42: Log file created
2023/07/25 16:41:58.931910 server.go:42: Log file created
2023/07/25 16:43:26.225141 server.go:42: Log file created
2023/07/25 20:38:32.223935 server.go:42: Log file created
2023/07/25 20:41:09.266715 server.go:42: Log file created
2023/07/25 20:43:15.948899 server.go:42: Log file created
2023/07/25 20:47:39.160014 server.go:42: Log file created
2023/07/26 12:08:49.371374 server.go:42: Log file created
2023/07/26 12:53:22.424164 server.go:38: Log file created
2023/07/26 12:54:16.504175 server.go:38: Log file created
2023/07/26 12:58:28.106434 server.go:38: Log file created
2023/07/26 12:58:28.524100 mongo.go:46: Connection to Mongo Database Sucessful
2023/07/26 12:58:28.524145 mongo.go:49: Starting Database Setup and Pre-Checks
2023/07/26 20:07:01.108613 server.go:38: Log file created
2023/07/26 20:07:01.108663 mongo.go:22: [MongoDB] Starting Database Connection Instance
2023/07/26 20:07:01.715995 mongo.go:51: [~ Status] Connection to Mongo Database Sucessful
2023/07/26 20:07:01.716049 mongo.go:54: [~ Status] Starting Database Setup and Pre-Checks
2023/07/26 20:12:05.220609 server.go:38: Log file created
2023/07/26 20:12:05.220727 mongo.go:22: [MongoDB] Starting Database Connection Instance
2023/07/26 20:12:05.698826 mongo.go:51: [~ Status] Connection to Mongo Database Sucessful
2023/07/26 20:12:05.698888 mongo.go:54: [~ Status] Starting Database Setup and Pre-Checks
2023/07/26 20:12:52.117164 server.go:38: Log file created
2023/07/26 20:12:52.117207 mongo.go:22: [MongoDB] Starting Database Connection Instance
2023/07/26 20:12:52.462917 mongo.go:51: [~ Status] Connection to Mongo Database Sucessful
2023/07/26 20:12:52.462962 mongo.go:54: [~ Status] Starting Database Setup and Pre-Checks
2023/07/26 20:13:17.185118 server.go:38: Log file created
2023/07/26 20:13:17.185162 mongo.go:22: [MongoDB] Starting Database Connection Instance
2023/07/26 20:13:17.689975 mongo.go:51: [~ Status] Connection to Mongo Database Sucessful
2023/07/26 20:13:17.690016 mongo.go:54: [~ Status] Starting Database Setup and Pre-Checks
2023/07/26 20:18:03.039566 server.go:38: Log file created
2023/07/26 20:18:03.039621 mongo.go:22: [MongoDB] Starting Database Connection Instance
2023/07/26 20:18:03.547002 mongo.go:51: [~ Status] Connection to Mongo Database Sucessful
2023/07/26 20:18:03.547046 mongo.go:54: [~ Status] Starting Database Setup and Pre-Checks
2023/07/26 20:18:52.745395 server.go:38: Log file created
2023/07/26 20:18:52.745439 mongo.go:22: [MongoDB] Starting Database Connection Instance
2023/07/26 20:18:53.089396 mongo.go:51: [~ Status] Connection to Mongo Database Sucessful
2023/07/26 20:18:53.089441 mongo.go:54: [~ Status] Starting Database Setup and Pre-Checks
2023/07/26 20:19:34.315776 server.go:38: Log file created
2023/07/26 20:19:34.315830 mongo.go:22: [MongoDB] Starting Database Connection Instance
2023/07/26 20:19:34.838790 mongo.go:51: [~ Status] Connection to Mongo Database Sucessful
2023/07/26 20:19:34.838836 mongo.go:54: [~ Status] Starting Database Setup and Pre-Checks
2023/07/26 20:23:46.086237 server.go:38: Log file created
2023/07/26 20:23:46.086282 mongo.go:22: [MongoDB] Starting Database Connection Instance
2023/07/26 20:23:46.608040 mongo.go:51: [~ Status] Connection to Mongo Database Sucessful
2023/07/26 20:23:46.608082 mongo.go:54: [~ Status] Starting Database Setup and Pre-Checks
2023/07/27 10:28:48.836914 server.go:38: Log file created
2023/07/27 10:28:48.836966 mongo.go:22: [MongoDB] Starting Database Connection Instance
2023/07/27 10:28:49.248279 mongo.go:51: [~ Status] Connection to Mongo Database Sucessful
2023/07/27 10:28:49.248308 mongo.go:54: [~ Status] Starting Database Setup and Pre-Checks
2023/07/27 10:37:07.417240 server.go:38: Log file created
2023/07/27 10:37:07.417283 mongo.go:22: [MongoDB] Starting Database Connection Instance
2023/07/27 10:37:07.804453 mongo.go:51: [~ Status] Connection to Mongo Database Sucessful
2023/07/27 10:37:07.804485 mongo.go:54: [~ Status] Starting Database Setup and Pre-Checks
2023/07/27 11:23:13.553631 server.go:38: Log file created
2023/07/27 11:23:13.553673 mongo.go:22: [MongoDB] Starting Database Connection Instance
2023/07/27 11:23:14.071150 mongo.go:51: [~ Status] Connection to Mongo Database Sucessful
2023/07/27 11:23:14.071184 mongo.go:54: [~ Status] Starting Database Setup and Pre-Checks
2023/07/27 11:24:09.732334 server.go:38: Log file created
2023/07/27 11:24:09.732378 mongo.go:22: [MongoDB] Starting Database Connection Instance
2023/07/27 11:24:10.030758 mongo.go:51: [~ Status] Connection to Mongo Database Sucessful
2023/07/27 11:24:10.030795 mongo.go:54: [~ Status] Starting Database Setup and Pre-Checks
2023/07/27 15:28:43.525471 server.go:38: Log file created
2023/07/27 15:28:43.525516 mongo.go:22: [MongoDB] Starting Database Connection Instance
2023/07/27 15:28:44.023178 mongo.go:51: [~ Status] Connection to Mongo Database Sucessful
2023/07/27 15:28:44.023217 mongo.go:54: [~ Status] Starting Database Setup and Pre-Checks
2023/07/27 15:46:36.014866 server.go:38: Log file created
2023/07/27 15:46:36.014908 mongo.go:22: [MongoDB] Starting Database Connection Instance
2023/07/27 15:46:36.500460 mongo.go:51: [~ Status] Connection to Mongo Database Sucessful
2023/07/27 15:46:36.500491 mongo.go:54: [~ Status] Starting Database Setup and Pre-Checks
2023/07/27 15:53:09.012408 server.go:38: Log file created
2023/07/27 15:53:09.012468 mongo.go:22: [MongoDB] Starting Database Connection Instance
2023/07/27 15:53:09.428342 mongo.go:51: [~ Status] Connection to Mongo Database Sucessful
2023/07/27 15:53:09.428387 mongo.go:54: [~ Status] Starting Database Setup and Pre-Checks
2023/07/27 17:29:18.935439 server.go:38: Log file created
2023/07/27 17:29:18.935487 mongo.go:22: [MongoDB] Starting Database Connection Instance
2023/07/27 17:29:19.350744 mongo.go:51: [~ Status] Connection to Mongo Database Sucessful
2023/07/27 17:29:19.350782 mongo.go:54: [~ Status] Starting Database Setup and Pre-Checks
2023/07/27 17:30:02.533801 server.go:38: Log file created
2023/07/27 17:30:02.533851 mongo.go:22: [MongoDB] Starting Database Connection Instance
2023/07/27 17:30:02.831223 mongo.go:51: [~ Status] Connection to Mongo Database Sucessful
2023/07/27 17:30:02.831256 mongo.go:54: [~ Status] Starting Database Setup and Pre-Checks
